<?xml version="1.0" encoding="UTF-8"?>
<testsuite name="ohtu.verkkokauppa.KauppaTest" tests="7" skipped="0" failures="0" errors="0" timestamp="2020-11-23T18:20:53" hostname="noname-All-Series" time="0.725">
  <properties/>
  <testcase name="uusiViite" classname="ohtu.verkkokauppa.KauppaTest" time="0.702"/>
  <testcase name="poistaaKorista" classname="ohtu.verkkokauppa.KauppaTest" time="0.005"/>
  <testcase name="ostoksenPaaytyttyaPankinMetodiaTilisiirtoKutsutaan" classname="ohtu.verkkokauppa.KauppaTest" time="0.002"/>
  <testcase name="kaksiOstostaJoistaToinenLoppu" classname="ohtu.verkkokauppa.KauppaTest" time="0.003"/>
  <testcase name="kaksiOstosta" classname="ohtu.verkkokauppa.KauppaTest" time="0.003"/>
  <testcase name="aloitaAsiointiNollaaEdellisetOstokset" classname="ohtu.verkkokauppa.KauppaTest" time="0.004"/>
  <testcase name="kaksiSamaaTuotetta" classname="ohtu.verkkokauppa.KauppaTest" time="0.002"/>
  <system-out><![CDATA[]]></system-out>
  <system-err><![CDATA[]]></system-err>
</testsuite>
